22:31:19 : Side: King Zog: lo
22:44:47 : Side: King Zog: you going for the money ?
22:45:19 : Side: MonsterMatty: slowly making my way there 
22:45:34 : Side: King Zog: roger that
22:45:38 : Side: King Zog: me too :-)
22:46:07 : Side: MonsterMatty: anyone want a pickup, im in Paros
22:46:24 : Side: King Zog: nah.. close now
22:46:40 : Side: MonsterMatty: rodger
22:47:08 : Side: King Zog: shit .. still 2 tanks alive
22:47:16 : Side: King Zog: I thought I had got them all
22:48:00 : Side: King Zog: I have only got one more titan .. dammit
22:52:25 : Side: King Zog: bugga
22:59:51 : Side: King Zog: shit ... watch the jet
23:00:18 : Side: MonsterMatty: yeh that thing got me last time i played haha
23:00:32 : Side: King Zog: nasty
23:01:39 : Side: King Zog: you played here before ?
23:02:28 : Side: MonsterMatty: pretty sure it wasnt this server but it was a3wasteland altis
23:02:55 : Side: King Zog: ahh.. ok.. 
23:03:15 : Side: King Zog: this is the only one with the goldbuyer and gold missions
23:03:53 : Side: MonsterMatty: yeh i noticed those, never seen them before 
23:04:04 : Side: King Zog: nope .. brand new
23:04:31 : Side: MonsterMatty: guess ill have to give them a shot
23:04:38 : Side: King Zog: me too
23:04:47 : Side: King Zog: gotta get some flippers :-)
23:28:42 : Side: King Zog: you wanna try the snipers together ? I have a heli
23:29:02 : Side: MonsterMatty: yeh sure im up for that 
23:31:17 : Side: King Zog: I got a nighthawk on...
23:31:33 : Side: King Zog: no more money left... better be a big payday
23:32:13 : Side: MonsterMatty: yeh hopefully its gonna be good, ive got a truck load of guns and ammo if you need anything 
23:32:41 : Side: King Zog: spent the last of it on a lynks ... and the scope ...
23:32:47 : Side: King Zog: shoudl be ok
23:37:28 : Side: King Zog: got too close
23:37:49 : Side: MonsterMatty: all good 
23:38:31 : Side: King Zog: I see 3 up top .. one on the middle landing of the cargo tower
23:39:13 : Side: King Zog: make that 4 up top...
23:39:32 : Side: MonsterMatty: yeh i can bairly see the 2 on top of the coms tower 
23:39:51 : Side: King Zog: yer I have a nighthawk.. thermal :-)
23:40:07 : Side: King Zog: I can start taking some out from here ?
23:40:07 : Side: MonsterMatty: lucky haha, i just have the sos scope 
23:40:23 : Side: King Zog: took me all afternoon to get the money...
23:40:32 : Side: MonsterMatty: ill move up closer to the right 
23:40:35 : Side: King Zog: I die a lot :
23:40:56 : Side: King Zog: ok.. let me know .. I will range them from here .. say when
23:41:12 : Side: King Zog: I will try for the one on the middle landing first
23:41:16 : Side: MonsterMatty: ok give me a minute, moving now 
23:41:27 : Side: King Zog: roger that
23:43:07 : Side: MonsterMatty: fire at will
23:44:01 : Side: King Zog: none down
23:44:08 : Side: King Zog: moving closer
23:44:13 : Side: King Zog: I think they are coming out
23:44:24 : Side: MonsterMatty: yeh im still too far out, moving up
23:44:48 : Side: King Zog: yup.. all moving down
23:45:11 : Side: King Zog: one down
23:45:59 : Side: King Zog: they our out and looking this way
23:46:22 : Side: MonsterMatty: awsome, moving up
23:47:21 : Side: MonsterMatty: 2 down and hit
23:47:27 : Side: King Zog: you got 3
23:47:37 : Side: MonsterMatty: ones still up
23:47:53 : Side: King Zog: coming
23:47:59 : Side: MonsterMatty: damnit 
23:48:37 : Side: MonsterMatty: 20 seconds, dont worry bout it 
23:48:58 : Side: King Zog: just got to yo
23:49:00 : Side: King Zog: u
23:49:02 : Side: MonsterMatty: theres still one behind the rock in the way i was facing 
23:49:47 : Side: MonsterMatty: ill be there soon
23:49:50 : Side: King Zog: there was one still at the top .. and I think another one is at the bottom
23:49:53 : Side: King Zog: roger
23:50:19 : Side: King Zog: got the top bastard
23:51:00 : Side: King Zog: you marked your body ?
23:51:05 : Side: King Zog: I am moving in 
23:51:32 : Side: MonsterMatty: no worries just grabbing my guns 
23:52:23 : Side: King Zog: fuckit
23:52:27 : Side: King Zog: good snipers
23:52:59 : Side: MonsterMatty: respawn, i think we should be able to spawn near eachother 
23:53:16 : Side: King Zog: ok
23:54:17 : Side: King Zog: oops... beacon cooldown is on
23:54:27 : Side: King Zog: you need to be in the circle
23:54:54 : Side: King Zog: thanks
23:55:43 : Side: King Zog: holy crap... you have been busy
23:55:55 : Side: MonsterMatty: yeh just a bit of collecting 
23:55:55 : Side: King Zog: I took one ... thanks
23:56:13 : Side: MonsterMatty: no worries feel free, theres an explosive charge in ther too
23:56:30 : Side: King Zog: noice
23:56:53 : Side: MonsterMatty: the offraods going to be alot faster
23:58:51 : Side: King Zog: shit
23:59:05 : Side: King Zog: scared the crap out of me..
23:59:13 : Side: King Zog: you can drive :=-)
